<?xml version="1.0" encoding="UTF-8"?>
<!-- Generated by org.testng.reporters.JUnitXMLReporter -->
<testsuite ignored="0" hostname="autodev" failures="0" tests="4" name="Assignment7" time="3.442" errors="0" timestamp="2020-08-09T11:39:06 CDT">
  <testcase classname="testng.auto.project.testng.SampleTestNgTest" name="testObserver3Dropdowns" time="1.318"/>
  <testcase classname="testng.auto.project.testng.SampleTestNgTest" name="testSelectCountry" time="0.377"/>
  <testcase classname="testng.auto.project.testng.SampleTestNgTest" name="testSelectRegion" time="0.257"/>
  <testcase classname="testng.auto.project.testng.SampleTestNgTest" name="testCityName" time="0.266"/>
</testsuite> <!-- Assignment7 -->
