<?xml version="1.0" encoding="UTF-8"?>
<!-- Generated by org.testng.reporters.JUnitXMLReporter -->
<testsuite ignored="0" hostname="autodev" failures="0" tests="8" name="AssignmentVFirefox" time="8.961" errors="0" timestamp="2020-08-09T20:40:30 CDT">
  <testcase classname="testng.auto.project.testng.AssignmentVParallelTest" name="testObserver3Dropdowns" time="1.828"/>
  <testcase classname="testng.auto.project.testng.AssignmentVParallelTest" name="testObserver3Dropdowns" time="3.357"/>
  <testcase classname="testng.auto.project.testng.AssignmentVParallelTest" name="testSelectCountry" time="0.629"/>
  <testcase classname="testng.auto.project.testng.AssignmentVParallelTest" name="testSelectRegion" time="0.528"/>
  <testcase classname="testng.auto.project.testng.AssignmentVParallelTest" name="testSelectCountry" time="0.826"/>
  <testcase classname="testng.auto.project.testng.AssignmentVParallelTest" name="testCityName" time="0.584"/>
  <testcase classname="testng.auto.project.testng.AssignmentVParallelTest" name="testSelectRegion" time="0.507"/>
  <testcase classname="testng.auto.project.testng.AssignmentVParallelTest" name="testCityName" time="0.378"/>
</testsuite> <!-- AssignmentVFirefox -->
