<?xml version="1.0" encoding="UTF-8"?>
<!-- Generated by org.testng.reporters.JUnitXMLReporter -->
<testsuite ignored="0" hostname="autodev" failures="0" tests="4" name="AssignmentVChrome" time="8.489" errors="0" timestamp="2020-08-09T20:40:29 CDT">
  <testcase classname="testng.auto.project.testng.AssignmentVParallelTest" name="testObserver3Dropdowns" time="1.828"/>
  <testcase classname="testng.auto.project.testng.AssignmentVParallelTest" name="testSelectCountry" time="0.629"/>
  <testcase classname="testng.auto.project.testng.AssignmentVParallelTest" name="testSelectRegion" time="0.528"/>
  <testcase classname="testng.auto.project.testng.AssignmentVParallelTest" name="testCityName" time="0.584"/>
</testsuite> <!-- AssignmentVChrome -->
