<?xml version="1.0" encoding="UTF-8"?>
<!-- Generated by org.testng.reporters.JUnitXMLReporter -->
<testsuite ignored="0" hostname="autodev" failures="0" tests="4" name="AssignmentVIE" time="22.166" errors="0" timestamp="2020-08-09T20:40:43 CDT">
  <testcase classname="testng.auto.project.testng.AssignmentVParallelTest" name="testObserver3Dropdowns" time="2.592"/>
  <testcase classname="testng.auto.project.testng.AssignmentVParallelTest" name="testSelectCountry" time="4.692"/>
  <testcase classname="testng.auto.project.testng.AssignmentVParallelTest" name="testSelectRegion" time="2.353"/>
  <testcase classname="testng.auto.project.testng.AssignmentVParallelTest" name="testCityName" time="2.919"/>
</testsuite> <!-- AssignmentVIE -->
